<?xml version="1.0" encoding="UTF-8"?>
<!-- Generated by org.testng.reporters.JUnitReportReporter -->
<testsuite skipped="0" hostname="DOSYSNETS081" name="tests.ItemDetailsTests" tests="15" failures="0" timestamp="04 Feb 2019 11:43:26 GMT" time="463.784" errors="0">
  <testcase name="validQuantityFieldValidation" time="36.456" classname="tests.ItemDetailsTests"/>
  <testcase name="invalidQuantityFieldValidations" time="30.822" classname="tests.ItemDetailsTests"/>
  <testcase name="packagingTypeValidation" time="24.200" classname="tests.ItemDetailsTests"/>
  <testcase name="classFieldValidation" time="19.313" classname="tests.ItemDetailsTests"/>
  <testcase name="stackableFieldValidation" time="21.982" classname="tests.ItemDetailsTests"/>
  <testcase name="validLengthFieldValidation" time="36.257" classname="tests.ItemDetailsTests"/>
  <testcase name="invalidLengthFieldValidations" time="31.833" classname="tests.ItemDetailsTests"/>
  <testcase name="validWidthFieldValidation" time="34.122" classname="tests.ItemDetailsTests"/>
  <testcase name="invalidWidthFieldValidations" time="30.860" classname="tests.ItemDetailsTests"/>
  <testcase name="validHeightFieldValidation" time="32.206" classname="tests.ItemDetailsTests"/>
  <testcase name="invalidHeightFieldValidations" time="30.992" classname="tests.ItemDetailsTests"/>
  <testcase name="validWeightFieldValidation" time="37.717" classname="tests.ItemDetailsTests"/>
  <testcase name="invalidWeightFieldValidations" time="28.450" classname="tests.ItemDetailsTests"/>
  <testcase name="validCommodityFieldValidation" time="37.055" classname="tests.ItemDetailsTests"/>
  <testcase name="invalidCommodityFieldValidations" time="31.519" classname="tests.ItemDetailsTests"/>
</testsuite> <!-- tests.ItemDetailsTests -->
