<?xml version="1.0" encoding="UTF-8"?>
<!-- Generated by org.testng.reporters.JUnitReportReporter -->
<testsuite skipped="0" hostname="DOSYSNETS081" name="tests.PdfTest" tests="1" failures="0" timestamp="04 Feb 2019 08:01:19 GMT" time="131.473" errors="0">
  <testcase name="getQuoteFunctionalityTest" time="131.473" classname="tests.PdfTest"/>
</testsuite> <!-- tests.PdfTest -->
