<?xml version="1.0" encoding="UTF-8"?>
<!-- Generated by org.testng.reporters.JUnitReportReporter -->
<testsuite skipped="0" hostname="DOSYSNETS081" name="tests.LoginTests" tests="2" failures="0" timestamp="30 Jan 2019 10:28:15 GMT" time="14.498" errors="0">
  <testcase name="loginWithValidCarrierCredential" time="8.591" classname="tests.LoginTests"/>
  <testcase name="loginWithInValidCredential" time="5.907" classname="tests.LoginTests"/>
</testsuite> <!-- tests.LoginTests -->
