<?xml version="1.0" encoding="UTF-8"?>
<!-- Generated by org.testng.reporters.JUnitReportReporter -->
<testsuite skipped="0" hostname="DOLAP146" name="tests.AccessorialsTest" tests="1" failures="0" timestamp="07 Jan 2019 12:25:17 GMT" time="36.761" errors="0">
  <testcase name="accessorialsCheckBoxValidation" time="36.761" classname="tests.AccessorialsTest"/>
</testsuite> <!-- tests.AccessorialsTest -->
