<?xml version="1.0" encoding="UTF-8"?>
<!-- Generated by org.testng.reporters.JUnitReportReporter -->
<testsuite skipped="0" hostname="DOSYSNETS081" name="tests.AccessorialsTest" tests="1" failures="0" timestamp="30 Jan 2019 10:28:15 GMT" time="35.256" errors="0">
  <testcase name="accessorialsCheckBoxValidation" time="35.256" classname="tests.AccessorialsTest"/>
</testsuite> <!-- tests.AccessorialsTest -->
