<?xml version="1.0" encoding="UTF-8"?>
<!-- Generated by org.testng.reporters.JUnitReportReporter -->
<testsuite skipped="0" hostname="DOSYSNETS081" name="tests.OriginDetailsValidationTests" tests="4" failures="0" timestamp="04 Feb 2019 11:43:26 GMT" time="105.188" errors="0">
  <testcase name="originZipValidation" time="34.420" classname="tests.OriginDetailsValidationTests"/>
  <testcase name="originCityValidation" time="25.303" classname="tests.OriginDetailsValidationTests"/>
  <testcase name="originStateCountryValidation" time="24.761" classname="tests.OriginDetailsValidationTests"/>
  <testcase name="verifyCurrentDate" time="20.704" classname="tests.OriginDetailsValidationTests"/>
</testsuite> <!-- tests.OriginDetailsValidationTests -->
