<?xml version="1.0" encoding="UTF-8"?>
<!-- Generated by org.testng.reporters.JUnitReportReporter -->
<testsuite skipped="0" hostname="DOSYSNETS081" name="tests.DestinationDetailsValidationTests" tests="3" failures="0" timestamp="30 Jan 2019 10:28:15 GMT" time="58.420" errors="0">
  <testcase name="destinationZipValidation" time="26.193" classname="tests.DestinationDetailsValidationTests"/>
  <testcase name="originCityValidation" time="15.908" classname="tests.DestinationDetailsValidationTests"/>
  <testcase name="originStateCountryValidation" time="16.319" classname="tests.DestinationDetailsValidationTests"/>
</testsuite> <!-- tests.DestinationDetailsValidationTests -->
