<?xml version="1.0" encoding="UTF-8"?>
<!-- Generated by org.testng.reporters.JUnitReportReporter -->
<testsuite skipped="0" hostname="DOLAP146" name="tests.ShipmentSummaryFunctionalTest" tests="2" failures="0" timestamp="29 Jan 2019 10:14:35 GMT" time="154.961" errors="0">
  <testcase name="getQuoteWithAllFieldBlank" time="26.442" classname="tests.ShipmentSummaryFunctionalTest"/>
  <testcase name="getQuoteFunctionalityTest" time="128.519" classname="tests.ShipmentSummaryFunctionalTest"/>
</testsuite> <!-- tests.ShipmentSummaryFunctionalTest -->
