<?xml version="1.0" encoding="UTF-8"?>
<!-- Generated by org.testng.reporters.JUnitReportReporter -->
<testsuite skipped="0" hostname="DOLAP146" name="tests.DestinationDetailsValidationTests" tests="3" failures="0" timestamp="07 Jan 2019 12:25:17 GMT" time="63.240" errors="0">
  <testcase name="destinationZipValidation" time="27.140" classname="tests.DestinationDetailsValidationTests"/>
  <testcase name="originCityValidation" time="18.383" classname="tests.DestinationDetailsValidationTests"/>
  <testcase name="originStateCountryValidation" time="17.717" classname="tests.DestinationDetailsValidationTests"/>
</testsuite> <!-- tests.DestinationDetailsValidationTests -->
