<?xml version="1.0" encoding="UTF-8"?>
<!-- Generated by org.testng.reporters.JUnitReportReporter -->
<testsuite skipped="0" hostname="DOLAP146" name="tests.OriginDetailsValidationTests" tests="4" failures="0" timestamp="29 Jan 2019 10:14:35 GMT" time="81.841" errors="0">
  <testcase name="originZipValidation" time="27.619" classname="tests.OriginDetailsValidationTests"/>
  <testcase name="originCityValidation" time="18.419" classname="tests.OriginDetailsValidationTests"/>
  <testcase name="originStateCountryValidation" time="17.336" classname="tests.OriginDetailsValidationTests"/>
  <testcase name="verifyCurrentDate" time="18.467" classname="tests.OriginDetailsValidationTests"/>
</testsuite> <!-- tests.OriginDetailsValidationTests -->
