<?xml version="1.0" encoding="UTF-8"?>
<!-- Generated by org.testng.reporters.JUnitReportReporter -->
<testsuite skipped="0" hostname="DOSYSNETS081" name="tests.ShipmentSummaryFunctionalTest" tests="2" failures="0" timestamp="04 Feb 2019 11:43:26 GMT" time="128.227" errors="0">
  <testcase name="getQuoteWithAllFieldBlank" time="31.042" classname="tests.ShipmentSummaryFunctionalTest"/>
  <testcase name="getQuoteFunctionalityTest" time="97.185" classname="tests.ShipmentSummaryFunctionalTest"/>
</testsuite> <!-- tests.ShipmentSummaryFunctionalTest -->
