<?xml version="1.0" encoding="UTF-8"?>
<!-- Generated by org.testng.reporters.JUnitReportReporter -->
<testsuite skipped="0" hostname="DOSYSNETS081" name="tests.OriginDetailsValidationTests" tests="4" failures="0" timestamp="30 Jan 2019 10:28:15 GMT" time="78.717" errors="0">
  <testcase name="originZipValidation" time="28.397" classname="tests.OriginDetailsValidationTests"/>
  <testcase name="originCityValidation" time="16.743" classname="tests.OriginDetailsValidationTests"/>
  <testcase name="originStateCountryValidation" time="15.488" classname="tests.OriginDetailsValidationTests"/>
  <testcase name="verifyCurrentDate" time="18.089" classname="tests.OriginDetailsValidationTests"/>
</testsuite> <!-- tests.OriginDetailsValidationTests -->
