<?xml version="1.0" encoding="UTF-8"?>
<!-- Generated by org.testng.reporters.JUnitReportReporter -->
<testsuite skipped="0" hostname="DOSYSNETS081" name="tests.DestinationDetailsValidationTests" tests="3" failures="0" timestamp="04 Feb 2019 11:43:26 GMT" time="92.120" errors="0">
  <testcase name="destinationZipValidation" time="35.156" classname="tests.DestinationDetailsValidationTests"/>
  <testcase name="originCityValidation" time="31.319" classname="tests.DestinationDetailsValidationTests"/>
  <testcase name="originStateCountryValidation" time="25.645" classname="tests.DestinationDetailsValidationTests"/>
</testsuite> <!-- tests.DestinationDetailsValidationTests -->
