<?xml version="1.0" encoding="UTF-8"?>
<!-- Generated by org.testng.reporters.JUnitReportReporter -->
<testsuite skipped="0" hostname="DOLAP146" name="tests.ItemDetailsTests" tests="15" failures="0" timestamp="29 Jan 2019 10:14:35 GMT" time="425.889" errors="0">
  <testcase name="validQuantityFieldValidation" time="29.646" classname="tests.ItemDetailsTests"/>
  <testcase name="invalidQuantityFieldValidations" time="27.833" classname="tests.ItemDetailsTests"/>
  <testcase name="packagingTypeValidation" time="17.161" classname="tests.ItemDetailsTests"/>
  <testcase name="classFieldValidation" time="18.899" classname="tests.ItemDetailsTests"/>
  <testcase name="stackableFieldValidation" time="17.830" classname="tests.ItemDetailsTests"/>
  <testcase name="validLengthFieldValidation" time="29.961" classname="tests.ItemDetailsTests"/>
  <testcase name="invalidLengthFieldValidations" time="25.285" classname="tests.ItemDetailsTests"/>
  <testcase name="validWidthFieldValidation" time="31.116" classname="tests.ItemDetailsTests"/>
  <testcase name="invalidWidthFieldValidations" time="25.515" classname="tests.ItemDetailsTests"/>
  <testcase name="validHeightFieldValidation" time="31.840" classname="tests.ItemDetailsTests"/>
  <testcase name="invalidHeightFieldValidations" time="27.629" classname="tests.ItemDetailsTests"/>
  <testcase name="validWeightFieldValidation" time="30.091" classname="tests.ItemDetailsTests"/>
  <testcase name="invalidWeightFieldValidations" time="43.678" classname="tests.ItemDetailsTests"/>
  <testcase name="validCommodityFieldValidation" time="39.299" classname="tests.ItemDetailsTests"/>
  <testcase name="invalidCommodityFieldValidations" time="30.106" classname="tests.ItemDetailsTests"/>
</testsuite> <!-- tests.ItemDetailsTests -->
