<?xml version="1.0" encoding="UTF-8"?>
<!-- Generated by org.testng.reporters.JUnitReportReporter -->
<testsuite skipped="0" hostname="DOSYSNETS081" name="tests.ShipmentDetailsTests" tests="4" failures="0" timestamp="04 Feb 2019 11:43:26 GMT" time="98.878" errors="0">
  <testcase name="payerFieldValidation" time="16.974" classname="tests.ShipmentDetailsTests"/>
  <testcase name="paymentTermsFieldValidation" time="18.715" classname="tests.ShipmentDetailsTests"/>
  <testcase name="validLinearFeetValidation" time="33.974" classname="tests.ShipmentDetailsTests"/>
  <testcase name="invalidLinearFeetValidation" time="29.215" classname="tests.ShipmentDetailsTests"/>
</testsuite> <!-- tests.ShipmentDetailsTests -->
