<?xml version="1.0" encoding="UTF-8"?>
<!-- Generated by org.testng.reporters.JUnitReportReporter -->
<testsuite skipped="0" hostname="DOSYSNETS081" name="tests.ItemAddDeleteFunctionalityTests" tests="4" failures="0" timestamp="04 Feb 2019 11:43:26 GMT" time="166.117" errors="0">
  <testcase name="verifyAddItemBtn" time="17.018" classname="tests.ItemAddDeleteFunctionalityTests"/>
  <testcase name="clickAddItemOnce" time="18.870" classname="tests.ItemAddDeleteFunctionalityTests"/>
  <testcase name="clickAdd5times" time="38.426" classname="tests.ItemAddDeleteFunctionalityTests"/>
  <testcase name="deleteItemFunctionality" time="91.803" classname="tests.ItemAddDeleteFunctionalityTests"/>
</testsuite> <!-- tests.ItemAddDeleteFunctionalityTests -->
