<?xml version="1.0" encoding="UTF-8"?>
<!-- Generated by org.testng.reporters.JUnitReportReporter -->
<testsuite skipped="0" hostname="DOSYSNETS081" name="tests.TotalWeightPackagingUnitsFunctionalTests" tests="2" failures="0" timestamp="04 Feb 2019 11:43:26 GMT" time="83.154" errors="0">
  <testcase name="totalPackagingUnitValidation" time="35.132" classname="tests.TotalWeightPackagingUnitsFunctionalTests"/>
  <testcase name="totalShipmentWeightValidation" time="48.022" classname="tests.TotalWeightPackagingUnitsFunctionalTests"/>
</testsuite> <!-- tests.TotalWeightPackagingUnitsFunctionalTests -->
