<?xml version="1.0" encoding="UTF-8"?>
<!-- Generated by org.testng.reporters.JUnitReportReporter -->
<testsuite skipped="0" hostname="DOSYSNETS081" name="tests.LoginTests" tests="2" failures="0" timestamp="04 Feb 2019 11:43:26 GMT" time="24.550" errors="0">
  <testcase name="loginWithValidCarrierCredential" time="16.618" classname="tests.LoginTests"/>
  <testcase name="loginWithInValidCredential" time="7.932" classname="tests.LoginTests"/>
</testsuite> <!-- tests.LoginTests -->
