<?xml version="1.0" encoding="UTF-8"?>
<!-- Generated by org.testng.reporters.JUnitReportReporter -->
<testsuite skipped="0" hostname="DOSYSNETS081" name="tests.AccessorialsTest" tests="1" failures="0" timestamp="04 Feb 2019 11:43:26 GMT" time="38.265" errors="0">
  <testcase name="accessorialsCheckBoxValidation" time="38.265" classname="tests.AccessorialsTest"/>
</testsuite> <!-- tests.AccessorialsTest -->
