<?xml version="1.0" encoding="UTF-8"?>
<!-- Generated by org.testng.reporters.JUnitReportReporter -->
<testsuite skipped="0" hostname="DOLAP146" name="tests.ItemDetailsTests" tests="15" failures="0" timestamp="07 Jan 2019 12:25:17 GMT" time="390.736" errors="0">
  <testcase name="validQuantityFieldValidation" time="29.622" classname="tests.ItemDetailsTests"/>
  <testcase name="invalidQuantityFieldValidations" time="26.284" classname="tests.ItemDetailsTests"/>
  <testcase name="packagingTypeValidation" time="17.467" classname="tests.ItemDetailsTests"/>
  <testcase name="classFieldValidation" time="18.001" classname="tests.ItemDetailsTests"/>
  <testcase name="stackableFieldValidation" time="17.380" classname="tests.ItemDetailsTests"/>
  <testcase name="validLengthFieldValidation" time="29.581" classname="tests.ItemDetailsTests"/>
  <testcase name="invalidLengthFieldValidations" time="25.766" classname="tests.ItemDetailsTests"/>
  <testcase name="validWidthFieldValidation" time="29.363" classname="tests.ItemDetailsTests"/>
  <testcase name="invalidWidthFieldValidations" time="25.983" classname="tests.ItemDetailsTests"/>
  <testcase name="validHeightFieldValidation" time="29.609" classname="tests.ItemDetailsTests"/>
  <testcase name="invalidHeightFieldValidations" time="26.226" classname="tests.ItemDetailsTests"/>
  <testcase name="validWeightFieldValidation" time="29.767" classname="tests.ItemDetailsTests"/>
  <testcase name="invalidWeightFieldValidations" time="25.377" classname="tests.ItemDetailsTests"/>
  <testcase name="validCommodityFieldValidation" time="33.054" classname="tests.ItemDetailsTests"/>
  <testcase name="invalidCommodityFieldValidations" time="27.256" classname="tests.ItemDetailsTests"/>
</testsuite> <!-- tests.ItemDetailsTests -->
