<?xml version="1.0" encoding="UTF-8"?>
<!-- Generated by org.testng.reporters.JUnitReportReporter -->
<testsuite skipped="0" hostname="DOLAP146" name="tests.ItemAddDeleteFunctionalityTests" tests="4" failures="0" timestamp="07 Jan 2019 12:25:17 GMT" time="139.664" errors="0">
  <testcase name="verifyAddItemBtn" time="12.769" classname="tests.ItemAddDeleteFunctionalityTests"/>
  <testcase name="clickAddItemOnce" time="16.623" classname="tests.ItemAddDeleteFunctionalityTests"/>
  <testcase name="clickAdd5times" time="29.603" classname="tests.ItemAddDeleteFunctionalityTests"/>
  <testcase name="deleteItemFunctionality" time="80.669" classname="tests.ItemAddDeleteFunctionalityTests"/>
</testsuite> <!-- tests.ItemAddDeleteFunctionalityTests -->
