<?xml version="1.0" encoding="UTF-8"?>
<!-- Generated by org.testng.reporters.JUnitReportReporter -->
<testsuite skipped="0" hostname="DOLAP146" name="tests.ItemAddDeleteFunctionalityTests" tests="4" failures="0" timestamp="29 Jan 2019 10:14:35 GMT" time="144.594" errors="0">
  <testcase name="verifyAddItemBtn" time="12.635" classname="tests.ItemAddDeleteFunctionalityTests"/>
  <testcase name="clickAddItemOnce" time="17.069" classname="tests.ItemAddDeleteFunctionalityTests"/>
  <testcase name="clickAdd5times" time="29.667" classname="tests.ItemAddDeleteFunctionalityTests"/>
  <testcase name="deleteItemFunctionality" time="85.223" classname="tests.ItemAddDeleteFunctionalityTests"/>
</testsuite> <!-- tests.ItemAddDeleteFunctionalityTests -->
