<?xml version="1.0" encoding="UTF-8"?>
<!-- Generated by org.testng.reporters.JUnitReportReporter -->
<testsuite skipped="0" hostname="DOSYSNETS081" name="tests.ShipmentSummaryFunctionalTest" tests="2" failures="0" timestamp="30 Jan 2019 10:28:15 GMT" time="107.218" errors="0">
  <testcase name="getQuoteWithAllFieldBlank" time="25.354" classname="tests.ShipmentSummaryFunctionalTest"/>
  <testcase name="getQuoteFunctionalityTest" time="81.864" classname="tests.ShipmentSummaryFunctionalTest"/>
</testsuite> <!-- tests.ShipmentSummaryFunctionalTest -->
