<?xml version="1.0" encoding="UTF-8"?>
<!-- Generated by org.testng.reporters.JUnitReportReporter -->
<testsuite skipped="0" hostname="DOSYSNETS081" name="tests.EditShipmentFunctionality" tests="1" failures="0" timestamp="01 Feb 2019 13:26:31 GMT" time="113.132" errors="0">
  <testcase name="getQuoteFunctionalityTest" time="113.132" classname="tests.EditShipmentFunctionality"/>
</testsuite> <!-- tests.EditShipmentFunctionality -->
