<?xml version="1.0" encoding="UTF-8"?>
<!-- Generated by org.testng.reporters.JUnitReportReporter -->
<testsuite skipped="0" hostname="DOLAP146" name="tests.AccessorialsTest" tests="1" failures="0" timestamp="29 Jan 2019 10:14:35 GMT" time="37.229" errors="0">
  <testcase name="accessorialsCheckBoxValidation" time="37.229" classname="tests.AccessorialsTest"/>
</testsuite> <!-- tests.AccessorialsTest -->
