<?xml version="1.0" encoding="UTF-8"?>
<!-- Generated by org.testng.reporters.JUnitReportReporter -->
<testsuite skipped="0" hostname="DOLAP146" name="tests.LoginTests" tests="2" failures="0" timestamp="29 Jan 2019 10:14:35 GMT" time="24.062" errors="0">
  <testcase name="loginWithValidCarrierCredential" time="13.282" classname="tests.LoginTests"/>
  <testcase name="loginWithInValidCredential" time="10.780" classname="tests.LoginTests"/>
</testsuite> <!-- tests.LoginTests -->
