<?xml version="1.0" encoding="UTF-8"?>
<!-- Generated by org.testng.reporters.JUnitReportReporter -->
<testsuite skipped="0" hostname="DOSYSNETS081" name="tests.ShipmentDetailsTests" tests="4" failures="0" timestamp="30 Jan 2019 10:28:15 GMT" time="73.647" errors="0">
  <testcase name="payerFieldValidation" time="13.805" classname="tests.ShipmentDetailsTests"/>
  <testcase name="paymentTermsFieldValidation" time="11.679" classname="tests.ShipmentDetailsTests"/>
  <testcase name="validLinearFeetValidation" time="24.094" classname="tests.ShipmentDetailsTests"/>
  <testcase name="invalidLinearFeetValidation" time="24.069" classname="tests.ShipmentDetailsTests"/>
</testsuite> <!-- tests.ShipmentDetailsTests -->
