<?xml version="1.0" encoding="UTF-8"?>
<!-- Generated by org.testng.reporters.JUnitReportReporter -->
<testsuite skipped="0" hostname="DOLAP146" name="tests.ShipmentDetailsTests" tests="4" failures="0" timestamp="29 Jan 2019 10:14:35 GMT" time="80.785" errors="0">
  <testcase name="payerFieldValidation" time="14.906" classname="tests.ShipmentDetailsTests"/>
  <testcase name="paymentTermsFieldValidation" time="13.622" classname="tests.ShipmentDetailsTests"/>
  <testcase name="validLinearFeetValidation" time="27.105" classname="tests.ShipmentDetailsTests"/>
  <testcase name="invalidLinearFeetValidation" time="25.152" classname="tests.ShipmentDetailsTests"/>
</testsuite> <!-- tests.ShipmentDetailsTests -->
