<?xml version="1.0" encoding="UTF-8"?>
<!-- Generated by org.testng.reporters.JUnitReportReporter -->
<testsuite skipped="0" hostname="DOLAP146" name="tests.DestinationDetailsValidationTests" tests="3" failures="0" timestamp="29 Jan 2019 10:14:35 GMT" time="63.407" errors="0">
  <testcase name="destinationZipValidation" time="27.325" classname="tests.DestinationDetailsValidationTests"/>
  <testcase name="originCityValidation" time="18.214" classname="tests.DestinationDetailsValidationTests"/>
  <testcase name="originStateCountryValidation" time="17.868" classname="tests.DestinationDetailsValidationTests"/>
</testsuite> <!-- tests.DestinationDetailsValidationTests -->
