<?xml version="1.0" encoding="UTF-8"?>
<!-- Generated by org.testng.reporters.JUnitReportReporter -->
<testsuite skipped="0" hostname="DOLAP146" name="tests.OriginDetailsValidation" tests="1" failures="0" timestamp="22 Nov 2018 09:19:19 GMT" time="14.399" errors="0">
  <testcase name="originZipValidation" time="14.399" classname="tests.OriginDetailsValidation"/>
</testsuite> <!-- tests.OriginDetailsValidation -->
