<?xml version="1.0" encoding="UTF-8"?>
<!-- Generated by org.testng.reporters.JUnitReportReporter -->
<testsuite skipped="0" hostname="DOSYSNETS081" name="tests.ItemAddDeleteFunctionalityTests" tests="4" failures="0" timestamp="30 Jan 2019 10:28:15 GMT" time="135.171" errors="0">
  <testcase name="verifyAddItemBtn" time="11.037" classname="tests.ItemAddDeleteFunctionalityTests"/>
  <testcase name="clickAddItemOnce" time="15.019" classname="tests.ItemAddDeleteFunctionalityTests"/>
  <testcase name="clickAdd5times" time="28.626" classname="tests.ItemAddDeleteFunctionalityTests"/>
  <testcase name="deleteItemFunctionality" time="80.489" classname="tests.ItemAddDeleteFunctionalityTests"/>
</testsuite> <!-- tests.ItemAddDeleteFunctionalityTests -->
