<?xml version="1.0" encoding="UTF-8"?>
<!-- Generated by org.testng.reporters.JUnitReportReporter -->
<testsuite skipped="0" hostname="DOSYSNETS081" name="tests.ItemDetailsTests" tests="15" failures="0" timestamp="30 Jan 2019 10:28:15 GMT" time="384.108" errors="0">
  <testcase name="validQuantityFieldValidation" time="28.383" classname="tests.ItemDetailsTests"/>
  <testcase name="invalidQuantityFieldValidations" time="23.407" classname="tests.ItemDetailsTests"/>
  <testcase name="packagingTypeValidation" time="16.178" classname="tests.ItemDetailsTests"/>
  <testcase name="classFieldValidation" time="20.490" classname="tests.ItemDetailsTests"/>
  <testcase name="stackableFieldValidation" time="15.563" classname="tests.ItemDetailsTests"/>
  <testcase name="validLengthFieldValidation" time="30.996" classname="tests.ItemDetailsTests"/>
  <testcase name="invalidLengthFieldValidations" time="25.487" classname="tests.ItemDetailsTests"/>
  <testcase name="validWidthFieldValidation" time="30.801" classname="tests.ItemDetailsTests"/>
  <testcase name="invalidWidthFieldValidations" time="24.560" classname="tests.ItemDetailsTests"/>
  <testcase name="validHeightFieldValidation" time="28.401" classname="tests.ItemDetailsTests"/>
  <testcase name="invalidHeightFieldValidations" time="25.080" classname="tests.ItemDetailsTests"/>
  <testcase name="validWeightFieldValidation" time="29.422" classname="tests.ItemDetailsTests"/>
  <testcase name="invalidWeightFieldValidations" time="23.652" classname="tests.ItemDetailsTests"/>
  <testcase name="validCommodityFieldValidation" time="35.749" classname="tests.ItemDetailsTests"/>
  <testcase name="invalidCommodityFieldValidations" time="25.939" classname="tests.ItemDetailsTests"/>
</testsuite> <!-- tests.ItemDetailsTests -->
