<?xml version="1.0" encoding="UTF-8"?>
<!-- Generated by org.testng.reporters.JUnitReportReporter -->
<testsuite skipped="0" hostname="DOLAP146" name="tests.OriginDetailsValidationTests" tests="4" failures="0" timestamp="07 Jan 2019 12:25:17 GMT" time="79.546" errors="0">
  <testcase name="originZipValidation" time="27.747" classname="tests.OriginDetailsValidationTests"/>
  <testcase name="originCityValidation" time="18.193" classname="tests.OriginDetailsValidationTests"/>
  <testcase name="originStateCountryValidation" time="17.837" classname="tests.OriginDetailsValidationTests"/>
  <testcase name="verifyCurrentDate" time="15.769" classname="tests.OriginDetailsValidationTests"/>
</testsuite> <!-- tests.OriginDetailsValidationTests -->
