<?xml version="1.0" encoding="UTF-8"?>
<!-- Generated by org.testng.reporters.JUnitReportReporter -->
<testsuite skipped="0" hostname="DOSYSNETS081" name="tests.ShipmentSummaryFunctionalTest" tests="2" failures="0" timestamp="01 Feb 2019 07:37:22 GMT" time="122.418" errors="0">
  <testcase name="getQuoteWithAllFieldBlank" time="27.552" classname="tests.ShipmentSummaryFunctionalTest"/>
  <testcase name="getQuoteFunctionalityTest" time="94.866" classname="tests.ShipmentSummaryFunctionalTest"/>
</testsuite> <!-- tests.ShipmentSummaryFunctionalTest -->
