<?xml version="1.0" encoding="UTF-8"?>
<!-- Generated by org.testng.reporters.JUnitReportReporter -->
<testsuite skipped="0" hostname="DOLAP146" name="tests.LoginTests" tests="2" failures="0" timestamp="07 Jan 2019 12:25:17 GMT" time="18.763" errors="0">
  <testcase name="loginWithValidCarrierCredential" time="10.627" classname="tests.LoginTests"/>
  <testcase name="loginWithInValidCredential" time="8.136" classname="tests.LoginTests"/>
</testsuite> <!-- tests.LoginTests -->
