<?xml version="1.0" encoding="UTF-8"?>
<!-- Generated by org.testng.reporters.JUnitReportReporter -->
<testsuite skipped="0" hostname="DOSYSNETS081" name="tests.TotalWeightPackagingUnitsFunctionalTests" tests="2" failures="0" timestamp="30 Jan 2019 10:28:15 GMT" time="74.710" errors="0">
  <testcase name="totalPackagingUnitValidation" time="31.639" classname="tests.TotalWeightPackagingUnitsFunctionalTests"/>
  <testcase name="totalShipmentWeightValidation" time="43.071" classname="tests.TotalWeightPackagingUnitsFunctionalTests"/>
</testsuite> <!-- tests.TotalWeightPackagingUnitsFunctionalTests -->
