<?xml version="1.0" encoding="UTF-8"?>
<!-- Generated by org.testng.reporters.JUnitReportReporter -->
<testsuite skipped="0" hostname="DOSYSNETS081" name="tests.LoginTests" tests="2" failures="0" timestamp="30 Jan 2019 12:46:20 GMT" time="14.331" errors="0">
  <testcase name="loginWithValidCarrierCredential" time="8.605" classname="tests.LoginTests"/>
  <testcase name="loginWithInValidCredential" time="5.726" classname="tests.LoginTests"/>
</testsuite> <!-- tests.LoginTests -->
