<?xml version="1.0" encoding="UTF-8"?>
<!-- Generated by org.testng.reporters.JUnitReportReporter -->
<testsuite skipped="0" hostname="DOLAP146" name="tests.ShipmentSummaryFunctionalTest" tests="2" failures="0" timestamp="07 Jan 2019 12:41:33 GMT" time="114.025" errors="0">
  <testcase name="getQuoteWithAllFieldBlank" time="28.805" classname="tests.ShipmentSummaryFunctionalTest"/>
  <testcase name="getQuoteFunctionalityTest" time="85.220" classname="tests.ShipmentSummaryFunctionalTest"/>
</testsuite> <!-- tests.ShipmentSummaryFunctionalTest -->
